<?xml version="1.0" encoding="UTF-8"?>
<!-- Generated by org.testng.reporters.JUnitXMLReporter -->
<testsuite hostname="BDC6-DX-B0G1T72" ignored="0" name="Default test" tests="4" failures="0" timestamp="23 Apr 2019 07:33:54 GMT" time="28.508" errors="0">
  <testcase name="testRegistration" time="8.415" classname="testmeapp.tests.OnlineShoppingTest"/>
  <testcase name="testLogin" time="1.796" classname="testmeapp.tests.OnlineShoppingTest"/>
  <testcase name="testCart" time="5.628" classname="testmeapp.tests.OnlineShoppingTest"/>
  <testcase name="testPayment" time="7.894" classname="testmeapp.tests.OnlineShoppingTest"/>
</testsuite> <!-- Default test -->
